<?xml version="1.0" encoding="UTF-8"?>
<!-- Generated by org.testng.reporters.JUnitReportReporter -->
<testsuite hostname="AmitSen-PC" failures="0" tests="1" name="sumValidation" time="1.413" errors="0" timestamp="2022-01-04T20:31:24 IST" skipped="0">
  <testcase classname="sumValidation" name="sumCourses" time="1.413"/>
  <system-out/>
</testsuite> <!-- sumValidation -->
