<?xml version="1.0" encoding="UTF-8"?>
<!-- Generated by org.testng.reporters.JUnitReportReporter -->
<testsuite hostname="AmitSen-PC" failures="0" tests="1" name="fromStaticJsonFile" time="3.072" errors="0" timestamp="2022-01-08T17:04:27 IST" skipped="0">
  <testcase classname="fromStaticJsonFile" name="addPlaceAPI" time="3.072"/>
  <system-out/>
</testsuite> <!-- fromStaticJsonFile -->
