<?xml version="1.0" encoding="UTF-8"?>
<!-- Generated by org.testng.reporters.JUnitReportReporter -->
<testsuite hostname="AmitSen-PC" failures="0" tests="9" name="nestedJsonResponses" time="0.534" errors="0" timestamp="2022-01-18T15:59:37 IST" skipped="0">
  <testcase classname="nestedJsonResponses" name="numOfCourses" time="0.026"/>
  <system-out/>
  <testcase classname="nestedJsonResponses" name="purchaseAmt" time="0.016"/>
  <system-out/>
  <testcase classname="nestedJsonResponses" name="courseTitle" time="0.059"/>
  <system-out/>
  <testcase classname="nestedJsonResponses" name="titlePrice" time="0.110"/>
  <system-out/>
  <testcase classname="nestedJsonResponses" name="copiesSold" time="0.055"/>
  <system-out/>
  <testcase classname="nestedJsonResponses" name="copiesSold" time="0.065"/>
  <system-out/>
  <testcase classname="nestedJsonResponses" name="copiesSold" time="0.042"/>
  <system-out/>
  <testcase classname="nestedJsonResponses" name="copiesSold" time="0.035"/>
  <system-out/>
  <testcase classname="nestedJsonResponses" name="sumOfAllCourse" time="0.126"/>
  <system-out/>
</testsuite> <!-- nestedJsonResponses -->
