<?xml version="1.0" encoding="UTF-8"?>
<!-- Generated by org.testng.reporters.JUnitReportReporter -->
<testsuite hostname="AmitSen-PC" failures="0" tests="6" name="libraryAPI.dynamicJson" time="3.284" errors="0" timestamp="2022-01-10T17:22:26 IST" skipped="0">
  <testcase classname="libraryAPI.dynamicJson" name="addBookAPI" time="2.251"/>
  <system-out/>
  <testcase classname="libraryAPI.dynamicJson" name="deleteBookAPI" time="0.216"/>
  <system-out/>
  <testcase classname="libraryAPI.dynamicJson" name="deleteBookAPI" time="0.180"/>
  <system-out/>
  <testcase classname="libraryAPI.dynamicJson" name="deleteBookAPI" time="0.194"/>
  <system-out/>
  <testcase classname="libraryAPI.dynamicJson" name="addBookAPI" time="0.221"/>
  <system-out/>
  <testcase classname="libraryAPI.dynamicJson" name="addBookAPI" time="0.222"/>
  <system-out/>
</testsuite> <!-- libraryAPI.dynamicJson -->
