<?xml version="1.0" encoding="UTF-8"?>
<!-- Generated by org.testng.reporters.JUnitReportReporter -->
<testsuite hostname="AmitSen-PC" failures="0" tests="1" name="TestCodes.e2e_1" time="2.231" errors="0" timestamp="2022-01-22T13:15:56 IST" skipped="0">
  <testcase classname="TestCodes.e2e_1" name="end2end_test" time="2.231"/>
  <system-out/>
</testsuite> <!-- TestCodes.e2e_1 -->
