<?xml version="1.0" encoding="UTF-8"?>
<!-- Generated by org.testng.reporters.JUnitReportReporter -->
<testsuite hostname="AmitSen-PC" failures="0" tests="1" name="TestCodes.e2e_2" time="2.412" errors="0" timestamp="2022-01-22T13:10:45 IST" skipped="0">
  <testcase classname="TestCodes.e2e_2" name="ene2end_Test_2" time="2.412"/>
  <system-out/>
</testsuite> <!-- TestCodes.e2e_2 -->
